{"name": "Test remove item from wishlist", "status": "broken", "statusDetails": {"message": "selenium.common.exceptions.NoSuchElementException: Message: no such element: Unable to locate element: {\"method\":\"css selector\",\"selector\":\"td[class=\"remove-from-cart\"]\"}\n  (Session info: chrome=128.0.6613.115); For documentation on this error, please visit: https://www.selenium.dev/documentation/webdriver/troubleshooting/errors#no-such-element-exception\nStacktrace:\n\tGetHandleVerifier [0x00AF8213+26163]\n\t(No symbol) [0x00A89CC4]\n\t(No symbol) [0x009824C3]\n\t(No symbol) [0x009C7453]\n\t(No symbol) [0x009C762B]\n\t(No symbol) [0x00A06B62]\n\t(No symbol) [0x009EAD04]\n\t(No symbol) [0x00A04661]\n\t(No symbol) [0x009EAA56]\n\t(No symbol) [0x009BBE89]\n\t(No symbol) [0x009BC8CD]\n\tGetHandleVerifier [0x00DCD313+2996019]\n\tGetHandleVerifier [0x00E21B89+3342249]\n\tGetHandleVerifier [0x00B87AEF+614159]\n\tGetHandleVerifier [0x00B8F17C+644508]\n\t(No symbol) [0x00A927FD]\n\t(No symbol) [0x00A8F6F8]\n\t(No symbol) [0x00A8F895]\n\t(No symbol) [0x00A81C16]\n\tBaseThreadInitThunk [0x7573FCC9+25]\n\tRtlGetAppContainerNamedObjectPath [0x771580CE+286]\n\tRtlGetAppContainerNamedObjectPath [0x7715809E+238]", "trace": "driver = <selenium.webdriver.chrome.webdriver.WebDriver (session=\"ea3599a38fc106a3d95c43b06f33b120\")>\n\n    @allure.feature(\"Header Links\")\n    @allure.title(\"Test remove item from wishlist\")\n    def test_remove_item_from_wishlist(driver):\n        main_page = MainPage(driver)\n    \n        main_page.open()\n        main_page.assert_that_main_is_opened()\n    \n        main_page.click_on_menu_apparel_shoes()\n    \n        wishlist_link_page = WishlistLinkPage(driver)\n>       wishlist_link_page.remove_item_from_wishlist()\n\ntests\\test_wishlist_link.py:30: \n_ _ _ _ _ _ _ _ _ _ _ _ _ _ _ _ _ _ _ _ _ _ _ _ _ _ _ _ _ _ _ _ _ _ _ _ _ _ _ _ _ _ _ _ _ _ _ _ _ _ _ _ _ _ _ _ _ _ _ _ _ _ _ _ _ _ _ _ _ _ _ _ _ _ _ _ _ _ _ _ _ _ _ _ _ _ _ _ _ _ _ _ _ _ _ _ _ _ _ _ _ _ _ _ _ _ _ _ _ _ _ _ _ \npages\\wishlist_link_page.py:34: in remove_item_from_wishlist\n    self.click(self.REMOVE_FROM_WISHLIST_CHECKBOX)\npages\\base_page.py:15: in click\n    element = self.driver.find_element(*selector)\n..\\..\\teachmeskills\\auto_qap18_Zhuk\\qap_18_zhuk_diplom\\Lib\\site-packages\\selenium\\webdriver\\remote\\webdriver.py:748: in find_element\n    return self.execute(Command.FIND_ELEMENT, {\"using\": by, \"value\": value})[\"value\"]\n..\\..\\teachmeskills\\auto_qap18_Zhuk\\qap_18_zhuk_diplom\\Lib\\site-packages\\selenium\\webdriver\\remote\\webdriver.py:354: in execute\n    self.error_handler.check_response(response)\n_ _ _ _ _ _ _ _ _ _ _ _ _ _ _ _ _ _ _ _ _ _ _ _ _ _ _ _ _ _ _ _ _ _ _ _ _ _ _ _ _ _ _ _ _ _ _ _ _ _ _ _ _ _ _ _ _ _ _ _ _ _ _ _ _ _ _ _ _ _ _ _ _ _ _ _ _ _ _ _ _ _ _ _ _ _ _ _ _ _ _ _ _ _ _ _ _ _ _ _ _ _ _ _ _ _ _ _ _ _ _ _ _ \n\nself = <selenium.webdriver.remote.errorhandler.ErrorHandler object at 0x00000207D895FF80>\nresponse = {'status': 404, 'value': '{\"value\":{\"error\":\"no such element\",\"message\":\"no such element: Unable to locate element: {\\...\\n\\\\tRtlGetAppContainerNamedObjectPath [0x771580CE+286]\\\\n\\\\tRtlGetAppContainerNamedObjectPath [0x7715809E+238]\\\\n\"}}'}\n\n    def check_response(self, response: Dict[str, Any]) -> None:\n        \"\"\"Checks that a JSON response from the WebDriver does not have an\n        error.\n    \n        :Args:\n         - response - The JSON response from the WebDriver server as a dictionary\n           object.\n    \n        :Raises: If the response contains an error message.\n        \"\"\"\n        status = response.get(\"status\", None)\n        if not status or status == ErrorCode.SUCCESS:\n            return\n        value = None\n        message = response.get(\"message\", \"\")\n        screen: str = response.get(\"screen\", \"\")\n        stacktrace = None\n        if isinstance(status, int):\n            value_json = response.get(\"value\", None)\n            if value_json and isinstance(value_json, str):\n                import json\n    \n                try:\n                    value = json.loads(value_json)\n                    if len(value) == 1:\n                        value = value[\"value\"]\n                    status = value.get(\"error\", None)\n                    if not status:\n                        status = value.get(\"status\", ErrorCode.UNKNOWN_ERROR)\n                        message = value.get(\"value\") or value.get(\"message\")\n                        if not isinstance(message, str):\n                            value = message\n                            message = message.get(\"message\")\n                    else:\n                        message = value.get(\"message\", None)\n                except ValueError:\n                    pass\n    \n        exception_class: Type[WebDriverException]\n        e = ErrorCode()\n        error_codes = [item for item in dir(e) if not item.startswith(\"__\")]\n        for error_code in error_codes:\n            error_info = getattr(ErrorCode, error_code)\n            if isinstance(error_info, list) and status in error_info:\n                exception_class = getattr(ExceptionMapping, error_code, WebDriverException)\n                break\n        else:\n            exception_class = WebDriverException\n    \n        if not value:\n            value = response[\"value\"]\n        if isinstance(value, str):\n            raise exception_class(value)\n        if message == \"\" and \"message\" in value:\n            message = value[\"message\"]\n    \n        screen = None  # type: ignore[assignment]\n        if \"screen\" in value:\n            screen = value[\"screen\"]\n    \n        stacktrace = None\n        st_value = value.get(\"stackTrace\") or value.get(\"stacktrace\")\n        if st_value:\n            if isinstance(st_value, str):\n                stacktrace = st_value.split(\"\\n\")\n            else:\n                stacktrace = []\n                try:\n                    for frame in st_value:\n                        line = frame.get(\"lineNumber\", \"\")\n                        file = frame.get(\"fileName\", \"<anonymous>\")\n                        if line:\n                            file = f\"{file}:{line}\"\n                        meth = frame.get(\"methodName\", \"<anonymous>\")\n                        if \"className\" in frame:\n                            meth = f\"{frame['className']}.{meth}\"\n                        msg = \"    at %s (%s)\"\n                        msg = msg % (meth, file)\n                        stacktrace.append(msg)\n                except TypeError:\n                    pass\n        if exception_class == UnexpectedAlertPresentException:\n            alert_text = None\n            if \"data\" in value:\n                alert_text = value[\"data\"].get(\"text\")\n            elif \"alert\" in value:\n                alert_text = value[\"alert\"].get(\"text\")\n            raise exception_class(message, screen, stacktrace, alert_text)  # type: ignore[call-arg]  # mypy is not smart enough here\n>       raise exception_class(message, screen, stacktrace)\nE       selenium.common.exceptions.NoSuchElementException: Message: no such element: Unable to locate element: {\"method\":\"css selector\",\"selector\":\"td[class=\"remove-from-cart\"]\"}\nE         (Session info: chrome=128.0.6613.115); For documentation on this error, please visit: https://www.selenium.dev/documentation/webdriver/troubleshooting/errors#no-such-element-exception\nE       Stacktrace:\nE       \tGetHandleVerifier [0x00AF8213+26163]\nE       \t(No symbol) [0x00A89CC4]\nE       \t(No symbol) [0x009824C3]\nE       \t(No symbol) [0x009C7453]\nE       \t(No symbol) [0x009C762B]\nE       \t(No symbol) [0x00A06B62]\nE       \t(No symbol) [0x009EAD04]\nE       \t(No symbol) [0x00A04661]\nE       \t(No symbol) [0x009EAA56]\nE       \t(No symbol) [0x009BBE89]\nE       \t(No symbol) [0x009BC8CD]\nE       \tGetHandleVerifier [0x00DCD313+2996019]\nE       \tGetHandleVerifier [0x00E21B89+3342249]\nE       \tGetHandleVerifier [0x00B87AEF+614159]\nE       \tGetHandleVerifier [0x00B8F17C+644508]\nE       \t(No symbol) [0x00A927FD]\nE       \t(No symbol) [0x00A8F6F8]\nE       \t(No symbol) [0x00A8F895]\nE       \t(No symbol) [0x00A81C16]\nE       \tBaseThreadInitThunk [0x7573FCC9+25]\nE       \tRtlGetAppContainerNamedObjectPath [0x771580CE+286]\nE       \tRtlGetAppContainerNamedObjectPath [0x7715809E+238]\n\n..\\..\\teachmeskills\\auto_qap18_Zhuk\\qap_18_zhuk_diplom\\Lib\\site-packages\\selenium\\webdriver\\remote\\errorhandler.py:229: NoSuchElementException"}, "steps": [{"name": "Open page demowebshop.tricentis.com", "status": "passed", "start": 1725551183092, "stop": 1725551183994}, {"name": "Assert remove item from wishlist", "status": "broken", "statusDetails": {"message": "selenium.common.exceptions.NoSuchElementException: Message: no such element: Unable to locate element: {\"method\":\"css selector\",\"selector\":\"td[class=\"remove-from-cart\"]\"}\n  (Session info: chrome=128.0.6613.115); For documentation on this error, please visit: https://www.selenium.dev/documentation/webdriver/troubleshooting/errors#no-such-element-exception\nStacktrace:\n\tGetHandleVerifier [0x00AF8213+26163]\n\t(No symbol) [0x00A89CC4]\n\t(No symbol) [0x009824C3]\n\t(No symbol) [0x009C7453]\n\t(No symbol) [0x009C762B]\n\t(No symbol) [0x00A06B62]\n\t(No symbol) [0x009EAD04]\n\t(No symbol) [0x00A04661]\n\t(No symbol) [0x009EAA56]\n\t(No symbol) [0x009BBE89]\n\t(No symbol) [0x009BC8CD]\n\tGetHandleVerifier [0x00DCD313+2996019]\n\tGetHandleVerifier [0x00E21B89+3342249]\n\tGetHandleVerifier [0x00B87AEF+614159]\n\tGetHandleVerifier [0x00B8F17C+644508]\n\t(No symbol) [0x00A927FD]\n\t(No symbol) [0x00A8F6F8]\n\t(No symbol) [0x00A8F895]\n\t(No symbol) [0x00A81C16]\n\tBaseThreadInitThunk [0x7573FCC9+25]\n\tRtlGetAppContainerNamedObjectPath [0x771580CE+286]\n\tRtlGetAppContainerNamedObjectPath [0x7715809E+238]\n\n", "trace": "  File \"C:\\Users\\abeli\\teachmeskills\\auto_qap18_Zhuk\\qap_18_zhuk_diplom\\Lib\\site-packages\\allure_commons\\_allure.py\", line 192, in impl\n    return func(*a, **kw)\n           ^^^^^^^^^^^^^^\n  File \"C:\\Users\\abeli\\diplom\\qap_18_zhuk_diplom\\pages\\wishlist_link_page.py\", line 34, in remove_item_from_wishlist\n    self.click(self.REMOVE_FROM_WISHLIST_CHECKBOX)\n  File \"C:\\Users\\abeli\\diplom\\qap_18_zhuk_diplom\\pages\\base_page.py\", line 15, in click\n    element = self.driver.find_element(*selector)\n              ^^^^^^^^^^^^^^^^^^^^^^^^^^^^^^^^^^^\n  File \"C:\\Users\\abeli\\teachmeskills\\auto_qap18_Zhuk\\qap_18_zhuk_diplom\\Lib\\site-packages\\selenium\\webdriver\\remote\\webdriver.py\", line 748, in find_element\n    return self.execute(Command.FIND_ELEMENT, {\"using\": by, \"value\": value})[\"value\"]\n           ^^^^^^^^^^^^^^^^^^^^^^^^^^^^^^^^^^^^^^^^^^^^^^^^^^^^^^^^^^^^^^^^^\n  File \"C:\\Users\\abeli\\teachmeskills\\auto_qap18_Zhuk\\qap_18_zhuk_diplom\\Lib\\site-packages\\selenium\\webdriver\\remote\\webdriver.py\", line 354, in execute\n    self.error_handler.check_response(response)\n  File \"C:\\Users\\abeli\\teachmeskills\\auto_qap18_Zhuk\\qap_18_zhuk_diplom\\Lib\\site-packages\\selenium\\webdriver\\remote\\errorhandler.py\", line 229, in check_response\n    raise exception_class(message, screen, stacktrace)\n"}, "start": 1725551184769, "stop": 1725551186197}], "attachments": [{"name": "assert_that_main_is_opened", "source": "8db25828-7a24-4b81-8b09-60608b7bf7c9-attachment.png", "type": "image/png"}], "start": 1725551183092, "stop": 1725551186198, "uuid": "ef2e307e-6ea1-41f9-bbae-46c1eadd87a5", "historyId": "bec8cb65da04b3ff8463a0d60f5d5f0c", "testCaseId": "bec8cb65da04b3ff8463a0d60f5d5f0c", "fullName": "tests.test_wishlist_link#test_remove_item_from_wishlist", "labels": [{"name": "feature", "value": "Header Links"}, {"name": "parentSuite", "value": "tests"}, {"name": "suite", "value": "test_wishlist_link"}, {"name": "host", "value": "DESKTOP-E4J5FQB"}, {"name": "thread", "value": "5328-MainThread"}, {"name": "framework", "value": "pytest"}, {"name": "language", "value": "cpython3"}, {"name": "package", "value": "tests.test_wishlist_link"}]}